[DEBUG][20-08-11][org.apache.ibatis.logging.LogFactory]Logging initialized using 'class org.apache.ibatis.logging.log4j.Log4jImpl' adapter.
[DEBUG][20-08-11][org.apache.ibatis.logging.LogFactory]Logging initialized using 'class org.apache.ibatis.logging.log4j.Log4jImpl' adapter.
[DEBUG][20-08-11][org.apache.ibatis.datasource.pooled.PooledDataSource]PooledDataSource forcefully closed/removed all connections.
[DEBUG][20-08-11][org.apache.ibatis.datasource.pooled.PooledDataSource]PooledDataSource forcefully closed/removed all connections.
[DEBUG][20-08-11][org.apache.ibatis.datasource.pooled.PooledDataSource]PooledDataSource forcefully closed/removed all connections.
[DEBUG][20-08-11][org.apache.ibatis.datasource.pooled.PooledDataSource]PooledDataSource forcefully closed/removed all connections.
[DEBUG][20-08-11][org.apache.ibatis.transaction.jdbc.JdbcTransaction]Opening JDBC Connection
[DEBUG][20-08-11][org.apache.ibatis.datasource.pooled.PooledDataSource]Created connection 1794717576.
[DEBUG][20-08-11][org.apache.ibatis.transaction.jdbc.JdbcTransaction]Setting autocommit to false on JDBC Connection [com.mysql.cj.jdbc.ConnectionImpl@6af93788]
[DEBUG][20-08-11][io.github.io.github.ruoxijun.mapper.UserMapper.getUserList]==>  Preparing: select * from user
[DEBUG][20-08-11][io.github.io.github.ruoxijun.mapper.UserMapper.getUserList]==> Parameters:
[INFO][20-08-11][io.github.io.github.ruoxijun.mapper.Demo]----------------
[INFO][20-08-11][io.github.io.github.ruoxijun.mapper.Demo]UserPojo{id=1, name='张三', a=10}
[INFO][20-08-11][io.github.io.github.ruoxijun.mapper.Demo]----------------
[INFO][20-08-11][io.github.io.github.ruoxijun.mapper.Demo]UserPojo{id=2, name='哈哈', a=18}
[INFO][20-08-11][io.github.io.github.ruoxijun.mapper.Demo]----------------
[INFO][20-08-11][io.github.io.github.ruoxijun.mapper.Demo]UserPojo{id=3, name='何芳芳', a=22}
[DEBUG][20-08-11][org.apache.ibatis.transaction.jdbc.JdbcTransaction]Resetting autocommit to true on JDBC Connection [com.mysql.cj.jdbc.ConnectionImpl@6af93788]
[DEBUG][20-08-11][org.apache.ibatis.transaction.jdbc.JdbcTransaction]Closing JDBC Connection [com.mysql.cj.jdbc.ConnectionImpl@6af93788]
[DEBUG][20-08-11][org.apache.ibatis.datasource.pooled.PooledDataSource]Returned connection 1794717576 to pool.
